
=== Mon Dec  2 21:57:06 2019

Packages were changed.
Update Mode: mergeDefaultDependencies

The following packages were added:
  com.unity.package-manager-ui@2.2.0
  com.unity.ext.nunit@1.0.0
  com.unity.test-framework@1.0.13
  com.unity.ide.vscode@1.1.0
  com.unity.ide.rider@1.1.0
  com.unity.ugui@1.0.0
  com.unity.modules.androidjni@1.0.0

=== Tue Apr 19 12:32:09 2022

Packages were changed.
Update Mode: updateDependencies

The following packages were added:
  com.unity.ide.visualstudio@2.0.14
The following packages were updated:
  com.unity.collab-proxy from version 1.2.16 to 1.15.15
  com.unity.ext.nunit from version 1.0.0 to 1.0.6
  com.unity.ide.rider from version 1.1.0 to 3.0.13
  com.unity.ide.vscode from version 1.1.0 to 1.2.5
  com.unity.render-pipelines.high-definition from version 6.9.0-preview to 12.1.6
  com.unity.test-framework from version 1.0.13 to 1.1.31
  com.unity.textmeshpro from version 2.0.1 to 3.0.6
  com.unity.timeline from version 1.1.0 to 1.6.4
The following packages were removed:
  com.unity.package-manager-ui@2.2.0
